gui_ip


key is not None


gui_port


---------------------------------------------------------------------------


MetaPydonHive - a universal client to communicate with the minibee network.


version v0.44


 --- to find out more about the startup options start with 'metapydonhive.py -h'


 --- The client has been started with these options:


{'verbose': False, 'apimode': True, 'ip': '0.0.0.0', 'xbeeerror': False, 'serial': '/dev/ttyACM0', 'port': 57600, 'createNewFiles': True, 'logdata': False, 'minibees': 20, 'program': '/minibee/*', 'logdir': '.', 'autostart': False, 'gui_ip': '127.0.0.1', 'config': '/home/marcello/Music/Supercollider/Projects/pdw/mt030_changed../4minibees_new.xml', 'hport': 57120, 'gui_port': None, 'baudrate': 57600, 'host': '127.0.0.1', 'mboffset': 1, 'name': 'pydonhive', 'loglevel': 'info', 'quiet': False, 'ignore': False, 'logname': 'pydon.log', 'clean': False}


---------------------------------------------------------------------------


WARNING: Could not open the file /home/marcello/Music/Supercollider/Projects/pdw/mt030_changed../4minibees_new.xml for reading. Does the file exist?


Traceback (most recent call last):

  File "/usr/local/bin/pydoncli.py", line 85, in <module>

    
mpd.startHive()

  File "/usr/local/lib/python2.7/dist-packages/pydon/metapydonhive.py", line 382, in startHive

    
self.swhive = minihiveosc.SWMiniHiveOSC( self.options.host, self.options.hport, self.options.ip, self.options.port, self.options.minibees, self.options.serial, self.options.baudrate, self.options.config, [1,self.options.minibees], self.options.verbose, self.options.apimode, self.options.ignore, self.options.xbeeerror, self.options.gui_ip, self.options.gui_port )

  File "/usr/local/lib/python2.7/dist-packages/pydon/minihiveosc.py", line 405, in __init__

    
self.hive.load_from_file( config )

  File "/usr/local/lib/python2.7/dist-packages/pydon/pydonhive.py", line 743, in load_from_file

    
for ser, bee in hiveconf[ 'bees' ].items():

TypeError
: 
'NoneType' object has no attribute '__getitem__'


gui_ip


key is not None


gui_port


---------------------------------------------------------------------------


MetaPydonHive - a universal client to communicate with the minibee network.


version v0.44


 --- to find out more about the startup options start with 'metapydonhive.py -h'


 --- The client has been started with these options:


{'verbose': False, 'apimode': True, 'ip': '0.0.0.0', 'xbeeerror': False, 'serial': '/dev/ttyACM0', 'port': 57600, 'createNewFiles': True, 'logdata': False, 'minibees': 20, 'program': '/minibee/*', 'logdir': '.', 'autostart': False, 'gui_ip': '127.0.0.1', 'config': '/home/marcello/Music/Supercollider/Projects/pdw/mt030_changed/../4minibees_new.xml', 'hport': 57120, 'gui_port': None, 'baudrate': 57600, 'host': '127.0.0.1', 'mboffset': 1, 'name': 'pydonhive', 'loglevel': 'info', 'quiet': False, 'ignore': False, 'logname': 'pydon.log', 'clean': False}


---------------------------------------------------------------------------


assigning minibee


1


assigning minibee


1


assigning minibee


1


assigning minibee


1


('ignoring unknown minibees', False)


('check for xbee errors', False)


('gui interface', '127.0.0.1', None)


trying to open serial port


('Opening serial port', '/dev/ttyACM0', True)


initialising communication through serial port


querying settings


setting coordinator settings


('XBEE setting: channel', '\x16')


('XBEE setting: panid', '\x16\x00')


('XBEE setting: coordinator enable', '\x01')


('XBEE setting: api mode', '\x02')
querying settings




('XBEE setting: my address', '\x00\x00')


('XBEE setting: destination high address', '\x00\x00\x00\x00')


--------------------------------


('create new files for unknown minibees', True)


Created OSC listener at (0.0.0.0,57600) and OSC sender to (127.0.0.1,57120) and opened serial port at /dev/ttyACM0. Now waiting for messages.


--------------------------------


('XBEE setting: destination low address', '\x00\x00\xff\xfa')


('XBEE setting changed', 'CE')


('XBEE setting changed', 'AP')


('XBEE setting changed', 'MY')


('XBEE setting changed', 'DH')


('XBEE setting changed', 'DL')


('XBEE setting: channel', '\x16')


('XBEE setting: panid', '\x16\x00')


('XBEE setting: coordinator enable', '\x01')


('XBEE setting: api mode', '\x02')


('XBEE setting: my address', '\x00\x00')


('XBEE setting: destination high address', '\x00\x00\x00\x00')


('XBEE setting: destination low address', '\x00\x00\xff\xfa')


Sending config message for MiniBee 4, revision D, firmware 7


Configuration:
 
{'A5': 'TWIClock', 'A4': 'TWIData', 'D9': 'AnalogOut'}


('confirmconfig', [1, 0, 50, 6, 1, 0, 0])


minibee 4 is configured


--------------------------------


Waiting for Server-thread to finish


Done; goodbye


exiting hive loop


